<?xml version="1.0" encoding="UTF-8"?>
<testng-results ignored="0" total="2" passed="2" failed="0" skipped="0">
  <reporter-output>
  </reporter-output>
  <suite started-at="2022-02-28T08:49:15 CST" name="Suite" finished-at="2022-02-28T08:49:15 CST" duration-ms="41">
    <groups>
    </groups>
    <test started-at="2022-02-28T08:49:15 CST" name="Test" finished-at="2022-02-28T08:49:15 CST" duration-ms="41">
      <class name="testNGpackage.TestngAnnotations">
        <test-method signature="test()[pri:0, instance:testNGpackage.TestngAnnotations@a530d0a]" started-at="2022-02-28T08:49:15 CST" name="test" finished-at="2022-02-28T08:49:15 CST" duration-ms="2" status="PASS">
          <reporter-output>
          </reporter-output>
        </test-method> <!-- test -->
      </class> <!-- testNGpackage.TestngAnnotations -->
      <class name="testNGpackage.NewTest">
        <test-method signature="f()[pri:0, instance:testNGpackage.NewTest@3232a28a]" started-at="2022-02-28T08:49:15 CST" name="f" finished-at="2022-02-28T08:49:15 CST" duration-ms="9" status="PASS">
          <reporter-output>
          </reporter-output>
        </test-method> <!-- f -->
      </class> <!-- testNGpackage.NewTest -->
    </test> <!-- Test -->
  </suite> <!-- Suite -->
</testng-results>
